c:\users\5586658\downloads\4s-calculonumerico-master\4s-calculonumerico-master\gauss\eliminacaogauss\x64\debug\eliminacaogauss.pch
c:\users\5586658\downloads\4s-calculonumerico-master\4s-calculonumerico-master\gauss\eliminacaogauss\x64\debug\vc141.pdb
c:\users\5586658\downloads\4s-calculonumerico-master\4s-calculonumerico-master\gauss\eliminacaogauss\x64\debug\vc141.idb
c:\users\5586658\downloads\4s-calculonumerico-master\4s-calculonumerico-master\gauss\eliminacaogauss\x64\debug\stdafx.obj
c:\users\5586658\downloads\4s-calculonumerico-master\4s-calculonumerico-master\gauss\eliminacaogauss\x64\debug\eliminacaogauss.obj
c:\users\5586658\downloads\4s-calculonumerico-master\4s-calculonumerico-master\gauss\x64\debug\eliminacaogauss.ilk
c:\users\5586658\downloads\4s-calculonumerico-master\4s-calculonumerico-master\gauss\x64\debug\eliminacaogauss.exe
c:\users\5586658\downloads\4s-calculonumerico-master\4s-calculonumerico-master\gauss\x64\debug\eliminacaogauss.pdb
c:\users\marco\source\repos\4s-calculonumerico\gauss\eliminacaogauss\x64\debug\eliminacaogauss.obj
c:\users\marco\source\repos\4s-calculonumerico\gauss\eliminacaogauss\x64\debug\stdafx.obj
c:\users\marco\source\repos\4s-calculonumerico\gauss\eliminacaogauss\x64\debug\eliminacaogauss.pch
c:\users\marco\source\repos\4s-calculonumerico\gauss\eliminacaogauss\x64\debug\vc141.idb
c:\users\marco\source\repos\4s-calculonumerico\gauss\eliminacaogauss\x64\debug\vc141.pdb
c:\users\marco\source\repos\4s-calculonumerico\gauss\x64\debug\eliminacaogauss.pdb
c:\users\marco\source\repos\4s-calculonumerico\gauss\x64\debug\eliminacaogauss.exe
c:\users\marco\source\repos\4s-calculonumerico\gauss\x64\debug\eliminacaogauss.ilk
c:\users\marco\source\repos\4s-calculonumerico\gauss\eliminacaogauss\x64\debug\eliminacaogauss.tlog\cl.command.1.tlog
c:\users\marco\source\repos\4s-calculonumerico\gauss\eliminacaogauss\x64\debug\eliminacaogauss.tlog\cl.read.1.tlog
c:\users\marco\source\repos\4s-calculonumerico\gauss\eliminacaogauss\x64\debug\eliminacaogauss.tlog\cl.write.1.tlog
c:\users\marco\source\repos\4s-calculonumerico\gauss\eliminacaogauss\x64\debug\eliminacaogauss.tlog\link.command.1.tlog
c:\users\marco\source\repos\4s-calculonumerico\gauss\eliminacaogauss\x64\debug\eliminacaogauss.tlog\link.read.1.tlog
c:\users\marco\source\repos\4s-calculonumerico\gauss\eliminacaogauss\x64\debug\eliminacaogauss.tlog\link.write.1.tlog
