c:\users\5586658\downloads\4s-calculonumerico-master\4s-calculonumerico-master\gauss\eliminacaogausspivotparcial\x64\debug\eliminacaogausspivotparcial.pch
c:\users\5586658\downloads\4s-calculonumerico-master\4s-calculonumerico-master\gauss\eliminacaogausspivotparcial\x64\debug\vc141.pdb
c:\users\5586658\downloads\4s-calculonumerico-master\4s-calculonumerico-master\gauss\eliminacaogausspivotparcial\x64\debug\vc141.idb
c:\users\5586658\downloads\4s-calculonumerico-master\4s-calculonumerico-master\gauss\eliminacaogausspivotparcial\x64\debug\stdafx.obj
c:\users\5586658\downloads\4s-calculonumerico-master\4s-calculonumerico-master\gauss\eliminacaogausspivotparcial\x64\debug\eliminacaogausspivotparcial.obj
c:\users\5586658\downloads\4s-calculonumerico-master\4s-calculonumerico-master\gauss\x64\debug\eliminacaogausspivotparcial.exe
c:\users\5586658\downloads\4s-calculonumerico-master\4s-calculonumerico-master\gauss\x64\debug\eliminacaogausspivotparcial.ilk
c:\users\5586658\downloads\4s-calculonumerico-master\4s-calculonumerico-master\gauss\x64\debug\eliminacaogausspivotparcial.pdb
c:\users\marco\source\repos\4s-calculonumerico\gauss\eliminacaogausspivotparcial\x64\debug\eliminacaogausspivotparcial.obj
c:\users\marco\source\repos\4s-calculonumerico\gauss\eliminacaogausspivotparcial\x64\debug\stdafx.obj
c:\users\marco\source\repos\4s-calculonumerico\gauss\eliminacaogausspivotparcial\x64\debug\eliminacaogausspivotparcial.pch
c:\users\marco\source\repos\4s-calculonumerico\gauss\eliminacaogausspivotparcial\x64\debug\vc141.idb
c:\users\marco\source\repos\4s-calculonumerico\gauss\eliminacaogausspivotparcial\x64\debug\vc141.pdb
c:\users\marco\source\repos\4s-calculonumerico\gauss\x64\debug\eliminacaogausspivotparcial.pdb
c:\users\marco\source\repos\4s-calculonumerico\gauss\x64\debug\eliminacaogausspivotparcial.exe
c:\users\marco\source\repos\4s-calculonumerico\gauss\x64\debug\eliminacaogausspivotparcial.ilk
c:\users\marco\source\repos\4s-calculonumerico\gauss\eliminacaogausspivotparcial\x64\debug\eliminac.8e277715.tlog\cl.command.1.tlog
c:\users\marco\source\repos\4s-calculonumerico\gauss\eliminacaogausspivotparcial\x64\debug\eliminac.8e277715.tlog\cl.read.1.tlog
c:\users\marco\source\repos\4s-calculonumerico\gauss\eliminacaogausspivotparcial\x64\debug\eliminac.8e277715.tlog\cl.write.1.tlog
c:\users\marco\source\repos\4s-calculonumerico\gauss\eliminacaogausspivotparcial\x64\debug\eliminac.8e277715.tlog\link.command.1.tlog
c:\users\marco\source\repos\4s-calculonumerico\gauss\eliminacaogausspivotparcial\x64\debug\eliminac.8e277715.tlog\link.read.1.tlog
c:\users\marco\source\repos\4s-calculonumerico\gauss\eliminacaogausspivotparcial\x64\debug\eliminac.8e277715.tlog\link.write.1.tlog
